I, [2023-12-07T03:50:43.074987 #83680]  INFO -- r1-cumulus: -----> Setting up <r1-cumulus>...
I, [2023-12-07T03:50:43.075571 #83680]  INFO -- r1-cumulus: Finished setting up <r1-cumulus> (0m0.00s).
I, [2023-12-07T03:50:43.075653 #83680]  INFO -- r1-cumulus: -----> Verifying <r1-cumulus>...
I, [2023-12-07T03:50:43.075851 #83680]  INFO -- r1-cumulus: [Serverspec] Verify on instance=#<Kitchen::Instance:0x00005556432c1b60> with state={:hostname=>"127.0.0.1", :port=>"2200", :username=>"vagrant", :ssh_key=>"/home/audmas/Desktop/app1/app1-rework/.kitchen/kitchen-vagrant/r1-cumulus/.vagrant/machines/default/virtualbox/private_key", :last_action=>"setup", :last_error=>nil}
I, [2023-12-07T03:50:43.075915 #83680]  INFO -- r1-cumulus: Environment variable KITCHEN_HOSTNAME value 127.0.0.1
I, [2023-12-07T03:50:43.075952 #83680]  INFO -- r1-cumulus: Environment variable KITCHEN_PORT value 2200
I, [2023-12-07T03:50:43.075985 #83680]  INFO -- r1-cumulus: Environment variable KITCHEN_USERNAME value vagrant
I, [2023-12-07T03:50:43.076011 #83680]  INFO -- r1-cumulus: Environment variable KITCHEN_SSH_KEY value /home/audmas/Desktop/app1/app1-rework/.kitchen/kitchen-vagrant/r1-cumulus/.vagrant/machines/default/virtualbox/private_key
I, [2023-12-07T03:50:43.076050 #83680]  INFO -- r1-cumulus: Environment variable KITCHEN_LAST_ACTION value setup
I, [2023-12-07T03:50:43.076082 #83680]  INFO -- r1-cumulus: Environment variable KITCHEN_LAST_ERROR value 
I, [2023-12-07T03:50:43.076121 #83680]  INFO -- r1-cumulus: Transport Environment variable KITCHEN_USERNAME value root
I, [2023-12-07T03:50:43.076153 #83680]  INFO -- r1-cumulus: Transport Environment variable KITCHEN_PORT value 22
I, [2023-12-07T03:50:43.076289 #83680]  INFO -- r1-cumulus: Installing ruby, bundler and serverspec remotely on server
I, [2023-12-07T03:50:43.236656 #83680]  INFO -- r1-cumulus: -----> Installing bundler via rubygems
I, [2023-12-07T03:50:43.477542 #83680]  INFO -- r1-cumulus: Bundler already installed
I, [2023-12-07T03:50:43.697576 #83680]  INFO -- r1-cumulus: ---> BUNDLE_CMD variable is: /usr/bin/bundle
I, [2023-12-07T03:50:43.894341 #83680]  INFO -- r1-cumulus: [33mDon't run Bundler as root. Bundler can ask for sudo if it is needed, and
I, [2023-12-07T03:50:43.894601 #83680]  INFO -- r1-cumulus: installing your bundle as root will break this application for all non-root
I, [2023-12-07T03:50:43.894746 #83680]  INFO -- r1-cumulus: users on this machine.[0m
I, [2023-12-07T03:50:46.978921 #83680]  INFO -- r1-cumulus: Fetching gem metadata from https://rubygems.org/....
I, [2023-12-07T03:50:47.080417 #83680]  INFO -- r1-cumulus: Resolving dependencies...
I, [2023-12-07T03:50:47.097836 #83680]  INFO -- r1-cumulus: Using bundler 1.17.3
I, [2023-12-07T03:50:47.098580 #83680]  INFO -- r1-cumulus: [32mFetching diff-lcs 1.5.0[0m
I, [2023-12-07T03:50:47.255649 #83680]  INFO -- r1-cumulus: [32mInstalling diff-lcs 1.5.0[0m
I, [2023-12-07T03:50:47.300823 #83680]  INFO -- r1-cumulus: [32mFetching multi_json 1.15.0[0m
I, [2023-12-07T03:50:47.416208 #83680]  INFO -- r1-cumulus: [32mInstalling multi_json 1.15.0[0m
I, [2023-12-07T03:50:47.460187 #83680]  INFO -- r1-cumulus: [32mFetching net-ssh 3.2.0[0m
I, [2023-12-07T03:50:47.647841 #83680]  INFO -- r1-cumulus: [32mInstalling net-ssh 3.2.0[0m
I, [2023-12-07T03:50:47.719587 #83680]  INFO -- r1-cumulus: [32mFetching net-scp 4.0.0[0m
I, [2023-12-07T03:50:47.838233 #83680]  INFO -- r1-cumulus: [32mInstalling net-scp 4.0.0[0m
I, [2023-12-07T03:50:47.867591 #83680]  INFO -- r1-cumulus: Using net-telnet 0.1.1
I, [2023-12-07T03:50:47.868915 #83680]  INFO -- r1-cumulus: [32mFetching rspec-support 3.12.1[0m
I, [2023-12-07T03:50:48.006118 #83680]  INFO -- r1-cumulus: [32mInstalling rspec-support 3.12.1[0m
I, [2023-12-07T03:50:48.029136 #83680]  INFO -- r1-cumulus: [32mFetching rspec-core 3.12.2[0m
I, [2023-12-07T03:50:48.216213 #83680]  INFO -- r1-cumulus: [32mInstalling rspec-core 3.12.2[0m
I, [2023-12-07T03:50:48.269763 #83680]  INFO -- r1-cumulus: [32mFetching rspec-expectations 3.12.3[0m
I, [2023-12-07T03:50:48.427541 #83680]  INFO -- r1-cumulus: [32mInstalling rspec-expectations 3.12.3[0m
I, [2023-12-07T03:50:48.464033 #83680]  INFO -- r1-cumulus: [32mFetching rspec-mocks 3.12.6[0m
I, [2023-12-07T03:50:48.616358 #83680]  INFO -- r1-cumulus: [32mInstalling rspec-mocks 3.12.6[0m
I, [2023-12-07T03:50:48.683567 #83680]  INFO -- r1-cumulus: [32mFetching rspec 3.12.0[0m
I, [2023-12-07T03:50:48.790511 #83680]  INFO -- r1-cumulus: [32mInstalling rspec 3.12.0[0m
I, [2023-12-07T03:50:48.815602 #83680]  INFO -- r1-cumulus: [32mFetching rspec-its 1.3.0[0m
I, [2023-12-07T03:50:48.927680 #83680]  INFO -- r1-cumulus: [32mInstalling rspec-its 1.3.0[0m
I, [2023-12-07T03:50:48.957625 #83680]  INFO -- r1-cumulus: [32mFetching sfl 2.3[0m
I, [2023-12-07T03:50:49.076234 #83680]  INFO -- r1-cumulus: [32mInstalling sfl 2.3[0m
I, [2023-12-07T03:50:49.103077 #83680]  INFO -- r1-cumulus: [32mFetching specinfra 2.87.0[0m
I, [2023-12-07T03:50:49.272081 #83680]  INFO -- r1-cumulus: [32mInstalling specinfra 2.87.0[0m
I, [2023-12-07T03:50:49.469709 #83680]  INFO -- r1-cumulus: [32mFetching serverspec 2.42.3[0m
I, [2023-12-07T03:50:49.611240 #83680]  INFO -- r1-cumulus: [32mInstalling serverspec 2.42.3[0m
I, [2023-12-07T03:50:49.696742 #83680]  INFO -- r1-cumulus: [32mBundle complete! 2 Gemfile dependencies, 15 gems now installed.[0m
I, [2023-12-07T03:50:49.696967 #83680]  INFO -- r1-cumulus: [32mUse `bundle info [gemname]` to see where a bundled gem is installed.[0m
I, [2023-12-07T03:50:49.755311 #83680]  INFO -- r1-cumulus: Running Serverspec
I, [2023-12-07T03:50:49.806125 #83680]  INFO -- r1-cumulus: ---> RSPEC_CMD variable is: /usr/local/bin/rspec
I, [2023-12-07T03:50:50.309239 #83680]  INFO -- r1-cumulus: 
I, [2023-12-07T03:50:50.309556 #83680]  INFO -- r1-cumulus: Command "cat hir1.txt"
I, [2023-12-07T03:50:50.309822 #83680]  INFO -- r1-cumulus:   stdout
I, [2023-12-07T03:50:50.401654 #83680]  INFO -- r1-cumulus: [32m    is expected to match /sw/[0m
I, [2023-12-07T03:50:50.401952 #83680]  INFO -- r1-cumulus: 
I, [2023-12-07T03:50:50.402238 #83680]  INFO -- r1-cumulus: Command "net show bgp neighbor 192.168.15.79"
I, [2023-12-07T03:50:50.402673 #83680]  INFO -- r1-cumulus:   stdout
I, [2023-12-07T03:50:50.582840 #83680]  INFO -- r1-cumulus: [32m    is expected to match /BGP state = Established/[0m
I, [2023-12-07T03:50:50.587923 #83680]  INFO -- r1-cumulus: 
I, [2023-12-07T03:50:50.588192 #83680]  INFO -- r1-cumulus: Finished in 0.27498 seconds (files took 0.38352 seconds to load)
I, [2023-12-07T03:50:50.588499 #83680]  INFO -- r1-cumulus: [32m2 examples, 0 failures[0m
I, [2023-12-07T03:50:50.588629 #83680]  INFO -- r1-cumulus: 
I, [2023-12-07T03:50:50.600390 #83680]  INFO -- r1-cumulus: Finished verifying <r1-cumulus> (0m7.52s).
